321 C=C  +  [x]  ->  [CH]C  +  [x] rea:dis-chdis-ch
322 C=O  +  [x]  ->  [CH]O  +  [x] rea:dis-chdis-oh
323 C=CC  +  [x]  ->  C[C]C  +  [x] rea:dis-chdis-ch
324 C=CC  +  [x]  ->  [CH]CC  +  [x] rea:dis-chdis-ch
325 C=CC  +  [x]  ->  [CH2]C[CH2]  +  [x] rea:dis-chdis-ch
326 C=CO  +  [x]  ->  C[C]O  +  [x] rea:dis-chdis-ch
327 C=CO  +  [x]  ->  [CH]CO  +  [x] rea:dis-chdis-ch
328 CC=O  +  [x]  ->  C[C]O  +  [x] rea:dis-chdis-oh
329 CC=O  +  [x]  ->  [CH2]C[O]  +  [x] rea:dis-chdis-ch
330 O=CO  +  [x]  ->  O[C]O  +  [x] rea:dis-chdis-oh
331 C1=CC1  +  [x]  ->  [C]1CC1  +  [x] rea:dis-chdis-ch
332 C1=CO1  +  [x]  ->  [C]1CO1  +  [x] rea:dis-chdis-ch
333 C#C  +  [x]  ->  [C]=C  +  [x] rea:dis-chdis-ch
334 C#CC  +  [x]  ->  [C]=CC  +  [x] rea:dis-chdis-ch
335 C=C=C  +  [x]  ->  [CH]=C[CH2]  +  [x] rea:dis-chdis-ch
336 C=C=C  +  [x]  ->  [CH]C=C  +  [x] rea:dis-chdis-ch
337 C#CO  +  [x]  ->  [C]=CO  +  [x] rea:dis-chdis-ch
338 C=C=O  +  [x]  ->  [CH]=C[O]  +  [x] rea:dis-chdis-ch
339 C=C=O  +  [x]  ->  [CH]C=O  +  [x] rea:dis-chdis-ch
340 CC[O]  +  [x]  ->  [CH2]CO  +  [x] rea:dis-chdis-oh
341 CO[O]  +  [x]  ->  [CH2]OO  +  [x] rea:dis-chdis-oh
342 [CH]=C  +  [x]  ->  [C]C  +  [x] rea:dis-chdis-ch
343 [CH]=O  +  [x]  ->  [C]O  +  [x] rea:dis-chdis-oh
344 [CH]=CC  +  [x]  ->  [C]CC  +  [x] rea:dis-chdis-ch
345 [CH]=CC  +  [x]  ->  [CH2]C=C  +  [x] rea:dis-chdis-ch
346 [CH2]C=C  +  [x]  ->  [CH]=CC  +  [x] rea:dis-chdis-ch
347 [CH2]C=C  +  [x]  ->  [CH]C[CH2]  +  [x] rea:dis-chdis-ch
348 [CH]=CO  +  [x]  ->  [C]CO  +  [x] rea:dis-chdis-ch
349 C=C[O]  +  [x]  ->  [CH]=CO  +  [x] rea:dis-chdis-oh
350 [CH2]C=O  +  [x]  ->  [CH]C[O]  +  [x] rea:dis-chdis-ch
351 [C]#CC  +  [x]  ->  C#C[CH2]  +  [x] rea:dis-chdis-ch
352 C#C[CH2]  +  [x]  ->  [C]#CC  +  [x] rea:dis-chdis-ch
353 [CH]=C=C  +  [x]  ->  [C]=C[CH2]  +  [x] rea:dis-chdis-ch
354 [CH]=C=C  +  [x]  ->  [C]C=C  +  [x] rea:dis-chdis-ch
355 [CH]=C=C  +  [x]  ->  [CH]C=[CH]  +  [x] rea:dis-chdis-ch
356 C#C[O]  +  [x]  ->  [C]#CO  +  [x] rea:dis-chdis-oh
357 [CH]=C=O  +  [x]  ->  [C]=C[O]  +  [x] rea:dis-chdis-ch
358 [CH]=C=O  +  [x]  ->  [C]C=O  +  [x] rea:dis-chdis-ch
359 [CH]CC  +  [x]  ->  [CH2]C[CH2]  +  [x] rea:dis-chdis-ch
360 [CH2]C[CH2]  +  [x]  ->  [CH]CC  +  [x] rea:dis-chdis-ch
361 [CH2]C[O]  +  [x]  ->  [CH]CO  +  [x] rea:dis-chdis-oh
362 [CH]OC  +  [x]  ->  [CH2]O[CH2]  +  [x] rea:dis-chdis-ch
363 [CH2]O[CH2]  +  [x]  ->  [CH]OC  +  [x] rea:dis-chdis-ch
364 [CH2]O[O]  +  [x]  ->  [CH]OO  +  [x] rea:dis-chdis-oh
365 [C]=CC  +  [x]  ->  [CH]=C[CH2]  +  [x] rea:dis-chdis-ch
366 [CH]=C[CH2]  +  [x]  ->  [C]=CC  +  [x] rea:dis-chdis-ch
367 [CH]=C[CH2]  +  [x]  ->  [CH]C=C  +  [x] rea:dis-chdis-ch
368 [CH]=C[CH2]  +  [x]  ->  [CH]C[CH]  +  [x] rea:dis-chdis-ch
369 [CH]C=C  +  [x]  ->  [CH]=C[CH2]  +  [x] rea:dis-chdis-ch
370 [CH]C=C  +  [x]  ->  [CH]C[CH]  +  [x] rea:dis-chdis-ch
371 [CH]C=C  +  [x]  ->  [C]C[CH2]  +  [x] rea:dis-chdis-ch
372 [CH]=C[O]  +  [x]  ->  [C]=CO  +  [x] rea:dis-chdis-oh
373 [CH]C=O  +  [x]  ->  [C]C[O]  +  [x] rea:dis-chdis-ch
374 [C]#C[CH2]  +  [x]  ->  [CH]C#C  +  [x] rea:dis-chdis-ch
375 [CH]C#C  +  [x]  ->  [C]#C[CH2]  +  [x] rea:dis-chdis-ch
376 [C]=C=C  +  [x]  ->  [CH]=C=[CH]  +  [x] rea:dis-chdis-ch
377 [C]=C=C  +  [x]  ->  [C]=C[CH]  +  [x] rea:dis-chdis-ch
378 [C]=C=C  +  [x]  ->  [C]C=[CH]  +  [x] rea:dis-chdis-ch
379 [CH]=C=[CH]  +  [x]  ->  [C]=C=C  +  [x] rea:dis-chdis-ch
380 [CH]=C=[CH]  +  [x]  ->  [C]=C[CH]  +  [x] rea:dis-chdis-ch
381 [CH]=C=[CH]  +  [x]  ->  [C]C=[CH]  +  [x] rea:dis-chdis-ch
382 [C]CC  +  [x]  ->  [CH]C[CH2]  +  [x] rea:dis-chdis-ch
383 [CH]C[CH2]  +  [x]  ->  [C]CC  +  [x] rea:dis-chdis-ch
384 [CH]C[O]  +  [x]  ->  [C]CO  +  [x] rea:dis-chdis-oh
385 [C]OC  +  [x]  ->  [CH]O[CH2]  +  [x] rea:dis-chdis-ch
386 [CH]O[CH2]  +  [x]  ->  [C]OC  +  [x] rea:dis-chdis-ch
387 [CH]O[O]  +  [x]  ->  [C]OO  +  [x] rea:dis-chdis-oh
388 [C]=C[CH2]  +  [x]  ->  [CH]C=[CH]  +  [x] rea:dis-chdis-ch
389 [CH]C=[CH]  +  [x]  ->  [C]=C[CH2]  +  [x] rea:dis-chdis-ch
390 [CH]C=[CH]  +  [x]  ->  [C]C=C  +  [x] rea:dis-chdis-ch
391 [CH]C=[CH]  +  [x]  ->  [C]C[CH]  +  [x] rea:dis-chdis-ch
392 [C]C=C  +  [x]  ->  [CH]C=[CH]  +  [x] rea:dis-chdis-ch
393 [C]C=C  +  [x]  ->  [C]C[CH]  +  [x] rea:dis-chdis-ch
394 [C]#C[CH]  +  [x]  ->  [C]C#C  +  [x] rea:dis-chdis-ch
395 [C]C#C  +  [x]  ->  [C]#C[CH]  +  [x] rea:dis-chdis-ch
396 [C]=C=[CH]  +  [x]  ->  [C]C=[C]  +  [x] rea:dis-chdis-ch
397 [C]C[CH2]  +  [x]  ->  [CH]C[CH]  +  [x] rea:dis-chdis-ch
398 [CH]C[CH]  +  [x]  ->  [C]C[CH2]  +  [x] rea:dis-chdis-ch
399 [C]O[CH2]  +  [x]  ->  [CH]O[CH]  +  [x] rea:dis-chdis-ch
400 [CH]O[CH]  +  [x]  ->  [C]O[CH2]  +  [x] rea:dis-chdis-ch
401 [C]=C[CH]  +  [x]  ->  [C]C=[CH]  +  [x] rea:dis-chdis-ch
402 [C]=C[CH]  +  [x]  ->  [C]C[C]  +  [x] rea:dis-chdis-ch
403 [C]C=[CH]  +  [x]  ->  [C]=C[CH]  +  [x] rea:dis-chdis-ch
404 [C]C=[CH]  +  [x]  ->  [C]C[C]  +  [x] rea:dis-chdis-ch
405 C[O]  +  [x]  ->  [CH2]O  +  [x] rea:dis-chdis-oh
406 C[CH]C  +  [x]  ->  [CH2]CC  +  [x] rea:dis-chdis-ch
407 [CH2]CC  +  [x]  ->  C[CH]C  +  [x] rea:dis-chdis-ch
408 C[CH]O  +  [x]  ->  [CH2]CO  +  [x] rea:dis-chdis-ch
409 [CH2]CO  +  [x]  ->  C[CH]O  +  [x] rea:dis-chdis-ch
410 CC[O]  +  [x]  ->  C[CH]O  +  [x] rea:dis-chdis-oh
411 [O]CO  +  [x]  ->  O[CH]O  +  [x] rea:dis-chdis-oh
412 C=[C]C  +  [x]  ->  [CH]=CC  +  [x] rea:dis-chdis-ch
413 C=[C]C  +  [x]  ->  [CH2]C=C  +  [x] rea:dis-chdis-ch
414 [CH]=CC  +  [x]  ->  C=[C]C  +  [x] rea:dis-chdis-ch
415 [CH2]C=C  +  [x]  ->  C=[C]C  +  [x] rea:dis-chdis-ch
416 C=[C]O  +  [x]  ->  [CH]=CO  +  [x] rea:dis-chdis-ch
417 [CH]=CO  +  [x]  ->  C=[C]O  +  [x] rea:dis-chdis-ch
418 C=C[O]  +  [x]  ->  C[C]=O  +  [x] rea:dis-chdis-ch
419 C=C[O]  +  [x]  ->  [CH2]C=O  +  [x] rea:dis-chdis-ch
420 C=C[O]  +  [x]  ->  C=[C]O  +  [x] rea:dis-chdis-oh
421 C[C]=O  +  [x]  ->  C=C[O]  +  [x] rea:dis-chdis-ch
422 C[C]=O  +  [x]  ->  [CH2]C=O  +  [x] rea:dis-chdis-ch
423 C[C]=O  +  [x]  ->  C=[C]O  +  [x] rea:dis-chdis-oh
424 [CH2]C=O  +  [x]  ->  C=C[O]  +  [x] rea:dis-chdis-ch
425 [CH2]C=O  +  [x]  ->  C[C]=O  +  [x] rea:dis-chdis-ch
426 [CH2]C=O  +  [x]  ->  C=[C]O  +  [x] rea:dis-chdis-oh
427 [O]C=O  +  [x]  ->  O=[C]O  +  [x] rea:dis-chdis-oh
428 [CH]C  +  [x]  ->  C=C  +  [x] rea:dis-chdis-ch
429 C[C]C  +  [x]  ->  C=CC  +  [x] rea:dis-chdis-ch
430 [CH]CC  +  [x]  ->  C=CC  +  [x] rea:dis-chdis-ch
431 [CH2]C[CH2]  +  [x]  ->  C=CC  +  [x] rea:dis-chdis-ch
432 C[C]O  +  [x]  ->  C=CO  +  [x] rea:dis-chdis-ch
433 [CH]CO  +  [x]  ->  C=CO  +  [x] rea:dis-chdis-ch
434 [CH2]C[O]  +  [x]  ->  CC=O  +  [x] rea:dis-chdis-ch
435 [O]C[O]  +  [x]  ->  O=CO  +  [x] rea:dis-chdis-oh
436 [C]1CC1  +  [x]  ->  C1=CC1  +  [x] rea:dis-chdis-ch
437 [C]1CO1  +  [x]  ->  C1=CO1  +  [x] rea:dis-chdis-ch
438 [C]=C  +  [x]  ->  C#C  +  [x] rea:dis-chdis-ch
439 [C]=CC  +  [x]  ->  C#CC  +  [x] rea:dis-chdis-ch
440 [CH]=C[CH2]  +  [x]  ->  C=C=C  +  [x] rea:dis-chdis-ch
441 [CH]=C[CH2]  +  [x]  ->  [CH]C=C  +  [x] rea:dis-chdis-ch
442 [CH]C=C  +  [x]  ->  C=C=C  +  [x] rea:dis-chdis-ch
443 [CH]C=C  +  [x]  ->  [CH]=C[CH2]  +  [x] rea:dis-chdis-ch
444 [C]=CO  +  [x]  ->  C#CO  +  [x] rea:dis-chdis-ch
445 [CH]=C[O]  +  [x]  ->  C=C=O  +  [x] rea:dis-chdis-ch
446 [CH]=C[O]  +  [x]  ->  [CH]C=O  +  [x] rea:dis-chdis-ch
447 [CH]C=O  +  [x]  ->  C=C=O  +  [x] rea:dis-chdis-ch
448 [CH]C=O  +  [x]  ->  [CH]=C[O]  +  [x] rea:dis-chdis-ch
449 [C]C  +  [x]  ->  [CH]=C  +  [x] rea:dis-chdis-ch
450 [C]CC  +  [x]  ->  [CH]=CC  +  [x] rea:dis-chdis-ch
451 [CH]C[CH2]  +  [x]  ->  [CH2]C=C  +  [x] rea:dis-chdis-ch
452 [C]CO  +  [x]  ->  [CH]=CO  +  [x] rea:dis-chdis-ch
453 [CH]C[O]  +  [x]  ->  [CH2]C=O  +  [x] rea:dis-chdis-ch
454 [C]=C[CH2]  +  [x]  ->  [CH]=C=C  +  [x] rea:dis-chdis-ch
455 [C]=C[CH2]  +  [x]  ->  [C]C=C  +  [x] rea:dis-chdis-ch
456 [CH]C=[CH]  +  [x]  ->  [CH]=C=C  +  [x] rea:dis-chdis-ch
457 [C]C=C  +  [x]  ->  [CH]=C=C  +  [x] rea:dis-chdis-ch
458 [C]C=C  +  [x]  ->  [C]=C[CH2]  +  [x] rea:dis-chdis-ch
459 [C]=C[O]  +  [x]  ->  [CH]=C=O  +  [x] rea:dis-chdis-ch
460 [C]=C[O]  +  [x]  ->  [C]C=O  +  [x] rea:dis-chdis-ch
461 [C]C=O  +  [x]  ->  [CH]=C=O  +  [x] rea:dis-chdis-ch
462 [C]C=O  +  [x]  ->  [C]=C[O]  +  [x] rea:dis-chdis-ch
463 [C]C[CH2]  +  [x]  ->  [CH]C=C  +  [x] rea:dis-chdis-ch
464 [CH]C[CH]  +  [x]  ->  [CH]=C[CH2]  +  [x] rea:dis-chdis-ch
465 [CH]C[CH]  +  [x]  ->  [CH]C=C  +  [x] rea:dis-chdis-ch
466 [C]C[O]  +  [x]  ->  [CH]C=O  +  [x] rea:dis-chdis-ch
467 [C]=C[CH]  +  [x]  ->  [C]=C=C  +  [x] rea:dis-chdis-ch
468 [C]=C[CH]  +  [x]  ->  [CH]=C=[CH]  +  [x] rea:dis-chdis-ch
469 [C]=C[CH]  +  [x]  ->  [C]C=[CH]  +  [x] rea:dis-chdis-ch
470 [C]C=[CH]  +  [x]  ->  [C]=C=C  +  [x] rea:dis-chdis-ch
471 [C]C=[CH]  +  [x]  ->  [CH]=C=[CH]  +  [x] rea:dis-chdis-ch
472 [C]C=[CH]  +  [x]  ->  [C]=C[CH]  +  [x] rea:dis-chdis-ch
473 [C]C[CH]  +  [x]  ->  [CH]C=[CH]  +  [x] rea:dis-chdis-ch
474 [C]C[CH]  +  [x]  ->  [C]C=C  +  [x] rea:dis-chdis-ch
475 [C]C=[C]  +  [x]  ->  [C]=C=[CH]  +  [x] rea:dis-chdis-ch
476 [C]C[C]  +  [x]  ->  [C]=C[CH]  +  [x] rea:dis-chdis-ch
477 [C]C[C]  +  [x]  ->  [C]C=[CH]  +  [x] rea:dis-chdis-ch
478 O=CO  +  [x]  ->  [O]C[O]  +  [x] rea:dis-ohdis-ch
479 [CH2]CO  +  [x]  ->  CC[O]  +  [x] rea:dis-ohdis-ch
480 [CH2]OO  +  [x]  ->  CO[O]  +  [x] rea:dis-ohdis-ch
481 [CH]=CO  +  [x]  ->  C=C[O]  +  [x] rea:dis-ohdis-ch
482 [C]#CO  +  [x]  ->  C#C[O]  +  [x] rea:dis-ohdis-ch
483 [CH]CO  +  [x]  ->  [CH2]C[O]  +  [x] rea:dis-ohdis-ch
484 [CH]OO  +  [x]  ->  [CH2]O[O]  +  [x] rea:dis-ohdis-ch
485 [C]=CO  +  [x]  ->  [CH]=C[O]  +  [x] rea:dis-ohdis-ch
486 [C]CO  +  [x]  ->  [CH]C[O]  +  [x] rea:dis-ohdis-ch
487 [C]OO  +  [x]  ->  [CH]O[O]  +  [x] rea:dis-ohdis-ch
488 [CH2]O  +  [x]  ->  C[O]  +  [x] rea:dis-ohdis-ch
489 C[CH]O  +  [x]  ->  CC[O]  +  [x] rea:dis-ohdis-ch
490 O[CH]O  +  [x]  ->  [O]CO  +  [x] rea:dis-ohdis-ch
491 C=[C]O  +  [x]  ->  C=C[O]  +  [x] rea:dis-ohdis-ch
492 C=[C]O  +  [x]  ->  C[C]=O  +  [x] rea:dis-ohdis-ch
493 C=[C]O  +  [x]  ->  [CH2]C=O  +  [x] rea:dis-ohdis-ch
494 O=[C]O  +  [x]  ->  [O]C=O  +  [x] rea:dis-ohdis-ch
495 [CH]O  +  [x]  ->  C=O  +  [x] rea:dis-ohdis-ch
496 C[C]O  +  [x]  ->  CC=O  +  [x] rea:dis-ohdis-ch
497 O[C]O  +  [x]  ->  O=CO  +  [x] rea:dis-ohdis-ch
498 [C]O  +  [x]  ->  [CH]=O  +  [x] rea:dis-ohdis-ch
